{"/Users/prabhat.mishra/Documents/learnings/WriterContent/TestingAxios/src/api.ts": {"path":"/Users/prabhat.mishra/Documents/learnings/WriterContent/TestingAxios/src/api.ts","statementMap":{"0":{"start":{"line":1,"column":0},"end":{"line":1,"column":26}},"1":{"start":{"line":2,"column":0},"end":{"line":2,"column":32}},"2":{"start":{"line":5,"column":23},"end":{"line":11,"column":null}},"3":{"start":{"line":13,"column":13},"end":{"line":24,"column":null}},"4":{"start":{"line":13,"column":27},"end":{"line":24,"column":null}},"5":{"start":{"line":15,"column":14},"end":{"line":15,"column":68}},"6":{"start":{"line":16,"column":23},"end":{"line":16,"column":null}},"7":{"start":{"line":16,"column":12},"end":{"line":16,"column":null}},"8":{"start":{"line":17,"column":8},"end":{"line":17,"column":70}},"9":{"start":{"line":18,"column":8},"end":{"line":18,"column":24}},"10":{"start":{"line":21,"column":8},"end":{"line":21,"column":25}},"11":{"start":{"line":22,"column":8},"end":{"line":22,"column":18}},"12":{"start":{"line":26,"column":13},"end":{"line":38,"column":null}},"13":{"start":{"line":26,"column":49},"end":{"line":38,"column":null}},"14":{"start":{"line":28,"column":14},"end":{"line":28,"column":66}},"15":{"start":{"line":29,"column":23},"end":{"line":31,"column":null}},"16":{"start":{"line":29,"column":12},"end":{"line":31,"column":null}},"17":{"start":{"line":32,"column":8},"end":{"line":32,"column":71}},"18":{"start":{"line":35,"column":8},"end":{"line":35,"column":25}},"19":{"start":{"line":36,"column":8},"end":{"line":36,"column":18}},"20":{"start":{"line":40,"column":13},"end":{"line":50,"column":null}},"21":{"start":{"line":40,"column":30},"end":{"line":50,"column":null}},"22":{"start":{"line":42,"column":14},"end":{"line":42,"column":68}},"23":{"start":{"line":43,"column":23},"end":{"line":43,"column":null}},"24":{"start":{"line":43,"column":12},"end":{"line":43,"column":null}},"25":{"start":{"line":44,"column":8},"end":{"line":44,"column":73}},"26":{"start":{"line":47,"column":8},"end":{"line":47,"column":25}},"27":{"start":{"line":48,"column":8},"end":{"line":48,"column":18}},"28":{"start":{"line":52,"column":0},"end":{"line":52,"column":14}},"29":{"start":{"line":53,"column":0},"end":{"line":53,"column":29}},"30":{"start":{"line":54,"column":0},"end":{"line":54,"column":17}}},"fnMap":{"0":{"name":"(anonymous_13)","decl":{"start":{"line":13,"column":27},"end":{"line":13,"column":null}},"loc":{"start":{"line":13,"column":27},"end":{"line":24,"column":null}}},"1":{"name":"(anonymous_16)","decl":{"start":{"line":26,"column":28},"end":{"line":26,"column":35}},"loc":{"start":{"line":26,"column":49},"end":{"line":38,"column":null}}},"2":{"name":"(anonymous_17)","decl":{"start":{"line":26,"column":49},"end":{"line":26,"column":null}},"loc":{"start":{"line":26,"column":49},"end":{"line":38,"column":null}}},"3":{"name":"(anonymous_19)","decl":{"start":{"line":40,"column":30},"end":{"line":40,"column":null}},"loc":{"start":{"line":40,"column":30},"end":{"line":50,"column":null}}}},"branchMap":{},"s":{"0":1,"1":1,"2":1,"3":1,"4":3,"5":3,"6":3,"7":3,"8":2,"9":2,"10":1,"11":1,"12":1,"13":3,"14":3,"15":3,"16":3,"17":2,"18":1,"19":1,"20":1,"21":3,"22":3,"23":3,"24":3,"25":2,"26":1,"27":1,"28":1,"29":1,"30":1},"f":{"0":6,"1":3,"2":3,"3":6},"b":{}}
}
